<?xml version="1.0" encoding="UTF-8"?>
<!-- Generated by org.testng.reporters.JUnitReportReporter -->
<testsuite hostname="BRKAJLO" name="Test.TestTooltip" tests="1" failures="0" timestamp="12 Nov 2015 13:53:34 GMT" time="3.287" errors="0">
  <testcase name="test_slide" time="3.287" classname="Test.TestTooltip"/>
</testsuite> <!-- Test.TestTooltip -->
