<?xml version="1.0" encoding="UTF-8"?>
<!-- Generated by org.testng.reporters.JUnitReportReporter -->
<testsuite hostname="BRKAJLO" name="Test.TestRegistration" tests="1" failures="0" timestamp="12 Nov 2015 10:16:01 GMT" time="16.739" errors="0">
  <testcase name="test_reg_01" time="16.739" classname="Test.TestRegistration"/>
</testsuite> <!-- Test.TestRegistration -->
